D:\Projekty\pneu_aktuatory\plc\peristhaltic_selecter\Logical\Global.typ
D:\Projekty\pneu_aktuatory\plc\peristhaltic_selecter\Logical\Global.var
D:\Projekty\pneu_aktuatory\plc\peristhaltic_selecter\Logical\Libraries\operator\operator.fun
D:\Projekty\pneu_aktuatory\plc\peristhaltic_selecter\Logical\Libraries\operator\operator.typ
D:\Projekty\pneu_aktuatory\plc\peristhaltic_selecter\Logical\Libraries\operator\operator.var
D:\Projekty\pneu_aktuatory\plc\peristhaltic_selecter\Logical\Libraries\runtime\runtime.fun
D:\Projekty\pneu_aktuatory\plc\peristhaltic_selecter\Logical\Libraries\runtime\runtime.typ
D:\Projekty\pneu_aktuatory\plc\peristhaltic_selecter\Logical\Libraries\runtime\runtime.var
D:\Projekty\pneu_aktuatory\plc\peristhaltic_selecter\Logical\Libraries\astime\astime.fun
D:\Projekty\pneu_aktuatory\plc\peristhaltic_selecter\Logical\Libraries\astime\astime.typ
D:\Projekty\pneu_aktuatory\plc\peristhaltic_selecter\Logical\Libraries\astime\astime.var
D:\Projekty\pneu_aktuatory\plc\peristhaltic_selecter\Logical\Libraries\AsIecCon\AsIecCon.fun
D:\Projekty\pneu_aktuatory\plc\peristhaltic_selecter\Logical\Libraries\AsIecCon\AsIecCon.typ
D:\Projekty\pneu_aktuatory\plc\peristhaltic_selecter\Logical\Libraries\AsIecCon\AsIecCon.var
D:\Projekty\pneu_aktuatory\plc\peristhaltic_selecter\Logical\Libraries\Acp10man\Acp10man.typ
D:\Projekty\pneu_aktuatory\plc\peristhaltic_selecter\Logical\Libraries\Acp10par\Acp10par.var
D:\Projekty\pneu_aktuatory\plc\peristhaltic_selecter\Logical\Libraries\NcGlobal\NcGlobal.fun
D:\Projekty\pneu_aktuatory\plc\peristhaltic_selecter\Logical\Libraries\NcGlobal\NcGlobal.typ
D:\Projekty\pneu_aktuatory\plc\peristhaltic_selecter\Logical\Libraries\NcGlobal\NcGlobal.var
D:\Projekty\pneu_aktuatory\plc\peristhaltic_selecter\Logical\Libraries\Acp10_MC\acp10_mc.fun
D:\Projekty\pneu_aktuatory\plc\peristhaltic_selecter\Logical\Libraries\Acp10_MC\acp10_mc.typ
D:\Projekty\pneu_aktuatory\plc\peristhaltic_selecter\Logical\Libraries\Acp10_MC\acp10_mc.var
D:\Projekty\pneu_aktuatory\plc\peristhaltic_selecter\Logical\Libraries\sys_lib\sys_lib.fun
D:\Projekty\pneu_aktuatory\plc\peristhaltic_selecter\Logical\Libraries\sys_lib\sys_lib.typ
D:\Projekty\pneu_aktuatory\plc\peristhaltic_selecter\Logical\Libraries\sys_lib\sys_lib.var
D:\Projekty\pneu_aktuatory\plc\peristhaltic_selecter\Logical\Libraries\brsystem\brsystem.fun
D:\Projekty\pneu_aktuatory\plc\peristhaltic_selecter\Logical\Libraries\brsystem\brsystem.typ
D:\Projekty\pneu_aktuatory\plc\peristhaltic_selecter\Logical\Libraries\brsystem\brsystem.var
D:\Projekty\pneu_aktuatory\plc\peristhaltic_selecter\Logical\Libraries\MTLinAlg\MTLinAlg.typ
D:\Projekty\pneu_aktuatory\plc\peristhaltic_selecter\Logical\Libraries\MTLinAlg\MTLinAlg.var
D:\Projekty\pneu_aktuatory\plc\peristhaltic_selecter\Logical\Libraries\MTLinAlg\MTLinAlg.fun
D:\Projekty\pneu_aktuatory\plc\peristhaltic_selecter\Logical\Libraries\AsArLog\AsArLog.fun
D:\Projekty\pneu_aktuatory\plc\peristhaltic_selecter\Logical\Libraries\AsArLog\AsArLog.typ
D:\Projekty\pneu_aktuatory\plc\peristhaltic_selecter\Logical\Libraries\AsArLog\AsArLog.var
D:\Projekty\pneu_aktuatory\plc\peristhaltic_selecter\Logical\Libraries\AsTCP\AsTCP.fun
D:\Projekty\pneu_aktuatory\plc\peristhaltic_selecter\Logical\Libraries\AsTCP\AsTCP.typ
D:\Projekty\pneu_aktuatory\plc\peristhaltic_selecter\Logical\Libraries\AsTCP\AsTCP.var
D:\Projekty\pneu_aktuatory\plc\peristhaltic_selecter\Logical\Libraries\traj_lib\traj_lib.fun
D:\Projekty\pneu_aktuatory\plc\peristhaltic_selecter\Logical\Libraries\traj_lib\traj_lib.typ
D:\Projekty\pneu_aktuatory\plc\peristhaltic_selecter\Logical\Libraries\traj_lib\traj_lib.var
D:\Projekty\pneu_aktuatory\plc\peristhaltic_selecter\Logical\Libraries\pomoc_lib\pomoc_lib.fun
D:\Projekty\pneu_aktuatory\plc\peristhaltic_selecter\Logical\Libraries\pomoc_lib\pomoc_lib.typ
D:\Projekty\pneu_aktuatory\plc\peristhaltic_selecter\Logical\Libraries\pomoc_lib\pomoc_lib.var
D:\Projekty\pneu_aktuatory\plc\peristhaltic_selecter\Logical\Libraries\regulatory\regulatory.fun
D:\Projekty\pneu_aktuatory\plc\peristhaltic_selecter\Logical\Libraries\regulatory\regulatory.typ
D:\Projekty\pneu_aktuatory\plc\peristhaltic_selecter\Logical\Libraries\regulatory\regulatory.var
D:\Projekty\pneu_aktuatory\plc\peristhaltic_selecter\Logical\Library\Types.typ
D:\Projekty\pneu_aktuatory\plc\peristhaltic_selecter\Logical\Library\Constants.var
D:\Projekty\pneu_aktuatory\plc\peristhaltic_selecter\Logical\Library\Library.fun
D:\Projekty\pneu_aktuatory\plc\peristhaltic_selecter\Logical\Riadenie\riadenie.var
