<?xml version="1.0" encoding="utf-8"?>
<?AutomationStudio Version="4.12.2.93"?>
<Objects>
  <Object
    Path="C:\projects\icra2024_measurements\Logical\Package.pkg"
    LogicalPath=""
    Type="Package.ParentUnknown"
    LastWriteTime="133614398205812927" />
  <Object
    Path="C:\projects\icra2024_measurements\Logical\Global.typ"
    LogicalPath="Global.typ"
    Type="File"
    LastWriteTime="133614568248103691"
    Private="false" />
  <Object
    Path="C:\projects\icra2024_measurements\Logical\Global.var"
    LogicalPath="Global.var"
    Type="File"
    LastWriteTime="133614478668349005"
    Private="false" />
  <Object
    Path="C:\projects\icra2024_measurements\Logical\Libraries\Package.pkg"
    LogicalPath="Libraries"
    Type="Package"
    LastWriteTime="133614543459545334" />
  <Object
    Path="C:\projects\icra2024_measurements\Logical\Libraries\operator\binary.lby"
    LogicalPath="Libraries.operator"
    Type="Library"
    LastWriteTime="133614394744048901" />
  <Object
    Path="C:\projects\icra2024_measurements\Logical\Libraries\operator\operator.fun"
    LogicalPath="Libraries.operator.operator.fun"
    Type="File"
    LastWriteTime="133614394743892702"
    Private="false" />
  <Object
    Path="C:\projects\icra2024_measurements\Logical\Libraries\operator\operator.typ"
    LogicalPath="Libraries.operator.operator.typ"
    Type="File"
    LastWriteTime="133614394743892702"
    Private="false" />
  <Object
    Path="C:\projects\icra2024_measurements\Logical\Libraries\operator\operator.var"
    LogicalPath="Libraries.operator.operator.var"
    Type="File"
    LastWriteTime="133614394744048901"
    Private="false" />
  <Object
    Path="C:\projects\icra2024_measurements\Logical\Libraries\runtime\binary.lby"
    LogicalPath="Libraries.runtime"
    Type="Library"
    LastWriteTime="133614394745932283" />
  <Object
    Path="C:\projects\icra2024_measurements\Logical\Libraries\runtime\runtime.fun"
    LogicalPath="Libraries.runtime.runtime.fun"
    Type="File"
    LastWriteTime="133614394745775975"
    Private="false" />
  <Object
    Path="C:\projects\icra2024_measurements\Logical\Libraries\runtime\runtime.typ"
    LogicalPath="Libraries.runtime.runtime.typ"
    Type="File"
    LastWriteTime="133614394745932283"
    Private="false" />
  <Object
    Path="C:\projects\icra2024_measurements\Logical\Libraries\runtime\runtime.var"
    LogicalPath="Libraries.runtime.runtime.var"
    Type="File"
    LastWriteTime="133614394745932283"
    Private="false" />
  <Object
    Path="C:\projects\icra2024_measurements\Logical\Libraries\astime\binary.lby"
    LogicalPath="Libraries.astime"
    Type="Library"
    LastWriteTime="133614394747815791" />
  <Object
    Path="C:\projects\icra2024_measurements\Logical\Libraries\astime\astime.fun"
    LogicalPath="Libraries.astime.astime.fun"
    Type="File"
    LastWriteTime="133614394747815791"
    Private="false" />
  <Object
    Path="C:\projects\icra2024_measurements\Logical\Libraries\astime\astime.typ"
    LogicalPath="Libraries.astime.astime.typ"
    Type="File"
    LastWriteTime="133614394747815791"
    Private="false" />
  <Object
    Path="C:\projects\icra2024_measurements\Logical\Libraries\astime\astime.var"
    LogicalPath="Libraries.astime.astime.var"
    Type="File"
    LastWriteTime="133614394747815791"
    Private="false" />
  <Object
    Path="C:\projects\icra2024_measurements\Logical\Libraries\AsIecCon\binary.lby"
    LogicalPath="Libraries.AsIecCon"
    Type="Library"
    LastWriteTime="133614394749699329" />
  <Object
    Path="C:\projects\icra2024_measurements\Logical\Libraries\AsIecCon\AsIecCon.fun"
    LogicalPath="Libraries.AsIecCon.AsIecCon.fun"
    Type="File"
    LastWriteTime="133614394749699329"
    Private="false" />
  <Object
    Path="C:\projects\icra2024_measurements\Logical\Libraries\AsIecCon\AsIecCon.typ"
    LogicalPath="Libraries.AsIecCon.AsIecCon.typ"
    Type="File"
    LastWriteTime="133614394749699329"
    Private="false" />
  <Object
    Path="C:\projects\icra2024_measurements\Logical\Libraries\AsIecCon\AsIecCon.var"
    LogicalPath="Libraries.AsIecCon.AsIecCon.var"
    Type="File"
    LastWriteTime="133614394749699329"
    Private="false" />
  <Object
    Path="C:\projects\icra2024_measurements\Logical\Libraries\standard\binary.lby"
    LogicalPath="Libraries.standard"
    Type="Library"
    LastWriteTime="133614476949696025" />
  <Object
    Path="C:\projects\icra2024_measurements\Logical\Libraries\standard\standard.fun"
    LogicalPath="Libraries.standard.standard.fun"
    Type="File"
    LastWriteTime="133614476949696025"
    Private="false" />
  <Object
    Path="C:\projects\icra2024_measurements\Logical\Libraries\standard\standard.typ"
    LogicalPath="Libraries.standard.standard.typ"
    Type="File"
    LastWriteTime="133614476949696025"
    Private="false" />
  <Object
    Path="C:\projects\icra2024_measurements\Logical\Libraries\standard\standard.var"
    LogicalPath="Libraries.standard.standard.var"
    Type="File"
    LastWriteTime="133614476949696025"
    Private="false" />
  <Object
    Path="C:\projects\icra2024_measurements\Logical\Libraries\sys_lib\binary.lby"
    LogicalPath="Libraries.sys_lib"
    Type="Library"
    LastWriteTime="133614543459445243" />
  <Object
    Path="C:\projects\icra2024_measurements\Logical\Libraries\sys_lib\sys_lib.fun"
    LogicalPath="Libraries.sys_lib.sys_lib.fun"
    Type="File"
    LastWriteTime="133614543459445243"
    Private="false" />
  <Object
    Path="C:\projects\icra2024_measurements\Logical\Libraries\sys_lib\sys_lib.typ"
    LogicalPath="Libraries.sys_lib.sys_lib.typ"
    Type="File"
    LastWriteTime="133614543459445243"
    Private="false" />
  <Object
    Path="C:\projects\icra2024_measurements\Logical\Libraries\sys_lib\sys_lib.var"
    LogicalPath="Libraries.sys_lib.sys_lib.var"
    Type="File"
    LastWriteTime="133614543459445243"
    Private="false" />
  <Object
    Path="C:\projects\icra2024_measurements\Logical\Source\Package.pkg"
    LogicalPath="Source"
    Type="Package"
    LastWriteTime="133614543459130871" />
  <Object
    Path="C:\projects\icra2024_measurements\Logical\Source\Measurement\IEC.prg"
    LogicalPath="Source.Measurement"
    Type="Program"
    LastWriteTime="133614398457693744" />
  <Object
    Path="C:\projects\icra2024_measurements\Logical\Source\Measurement\Cyclic.st"
    LogicalPath="Source.Measurement.Cyclic.st"
    Type="File"
    LastWriteTime="133614580468237692"
    Private="false" />
  <Object
    Path="C:\projects\icra2024_measurements\Logical\Source\Measurement\Init.st"
    LogicalPath="Source.Measurement.Init.st"
    Type="File"
    LastWriteTime="133614398457693744"
    Private="false" />
  <Object
    Path="C:\projects\icra2024_measurements\Logical\Source\Measurement\Exit.st"
    LogicalPath="Source.Measurement.Exit.st"
    Type="File"
    LastWriteTime="133614398457693744"
    Private="false" />
  <Object
    Path="C:\projects\icra2024_measurements\Logical\Source\Measurement\Types.typ"
    LogicalPath="Source.Measurement.Types.typ"
    Type="File"
    LastWriteTime="133614398457693744"
    Private="true" />
  <Object
    Path="C:\projects\icra2024_measurements\Logical\Source\Measurement\Variables.var"
    LogicalPath="Source.Measurement.Variables.var"
    Type="File"
    LastWriteTime="133614547016637626"
    Private="true" />
  <Object
    Path="C:\projects\icra2024_measurements\Logical\Visu\Vc.dob"
    LogicalPath="Visu"
    Type="DataObject"
    LastWriteTime="133614398205453756" />
  <Object
    Path="C:\projects\icra2024_measurements\Logical\Visu\VCObject.vc"
    LogicalPath="Visu.VCObject.vc"
    Type="File"
    LastWriteTime="133614398205453756"
    Private="false" />
  <Object
    Path="C:\projects\icra2024_measurements\Physical\Config1\Config.pkg"
    LogicalPath="Config1"
    Type="Configuration.ParentUnknown"
    LastWriteTime="133614394792807337" />
  <Object
    Path="C:\projects\icra2024_measurements\Physical\Config1\Hardware.hw"
    LogicalPath="Config1.Hardware.hw"
    Type="File"
    LastWriteTime="133614398309953052"
    Private="false" />
  <Object
    Path="C:\projects\icra2024_measurements\Physical\Config1\Hardware.hwl"
    LogicalPath="Config1.Hardware.hwl"
    Type="File"
    LastWriteTime="133614517665091667"
    Private="false" />
  <Object
    Path="C:\projects\icra2024_measurements\Physical\Config1\4PPC70_0702_20B\Cpu.pkg"
    LogicalPath="Config1.4PPC70_0702_20B"
    Type="Cpu"
    LastWriteTime="133614580389438400" />
  <Object
    Path="C:\projects\icra2024_measurements\Physical\Config1\4PPC70_0702_20B\Cpu.sw"
    LogicalPath="Config1.4PPC70_0702_20B.Cpu.sw"
    Type="File"
    LastWriteTime="133614552174441521"
    Private="false" />
  <Object
    Path="C:\projects\icra2024_measurements\Physical\Config1\4PPC70_0702_20B\Cpu.per"
    LogicalPath="Config1.4PPC70_0702_20B.Cpu.per"
    Type="File"
    LastWriteTime="133614394753777333"
    Private="false" />
  <Object
    Path="C:\projects\icra2024_measurements\Physical\Config1\4PPC70_0702_20B\IoMap.iom"
    LogicalPath="Config1.4PPC70_0702_20B.IoMap.iom"
    Type="File"
    LastWriteTime="133614551574911012"
    Private="false" />
  <Object
    Path="C:\projects\icra2024_measurements\Physical\Config1\4PPC70_0702_20B\PvMap.vvm"
    LogicalPath="Config1.4PPC70_0702_20B.PvMap.vvm"
    Type="File"
    LastWriteTime="133614394753933998"
    Private="false" />
  <Object
    Path="C:\projects\icra2024_measurements\Physical\Config1\4PPC70_0702_20B\Connectivity\Package.pkg"
    LogicalPath="Config1.4PPC70_0702_20B.Connectivity"
    Type="Package"
    LastWriteTime="133614394754245955" />
  <Object
    Path="C:\projects\icra2024_measurements\Physical\Config1\4PPC70_0702_20B\Connectivity\OpcUA\Package.pkg"
    LogicalPath="Config1.4PPC70_0702_20B.Connectivity.OpcUA"
    Type="Package"
    LastWriteTime="133614394754245955" />
  <Object
    Path="C:\projects\icra2024_measurements\Physical\Config1\4PPC70_0702_20B\Connectivity\OpcUaFx\Package.pkg"
    LogicalPath="Config1.4PPC70_0702_20B.Connectivity.OpcUaFx"
    Type="Package"
    LastWriteTime="133614394754245955" />
  <Object
    Path="C:\projects\icra2024_measurements\Physical\Config1\4PPC70_0702_20B\TextSystem\Package.pkg"
    LogicalPath="Config1.4PPC70_0702_20B.TextSystem"
    Type="Package"
    LastWriteTime="133614394754402169" />
  <Object
    Path="C:\projects\icra2024_measurements\Physical\Config1\4PPC70_0702_20B\UnitSystem\Package.pkg"
    LogicalPath="Config1.4PPC70_0702_20B.UnitSystem"
    Type="Package"
    LastWriteTime="133614394754402169" />
  <Object
    Path="C:\projects\icra2024_measurements\Physical\Config1\4PPC70_0702_20B\AccessAndSecurity\Package.pkg"
    LogicalPath="Config1.4PPC70_0702_20B.AccessAndSecurity"
    Type="Package"
    LastWriteTime="133614394754874781" />
  <Object
    Path="C:\projects\icra2024_measurements\Physical\Config1\4PPC70_0702_20B\AccessAndSecurity\UserRoleSystem\Package.pkg"
    LogicalPath="Config1.4PPC70_0702_20B.AccessAndSecurity.UserRoleSystem"
    Type="Package"
    LastWriteTime="133614394754588431" />
  <Object
    Path="C:\projects\icra2024_measurements\Physical\Config1\4PPC70_0702_20B\AccessAndSecurity\UserRoleSystem\Role.role"
    LogicalPath="Config1.4PPC70_0702_20B.AccessAndSecurity.UserRoleSystem.Role.role"
    Type="File"
    LastWriteTime="133614394754588431"
    Private="false" />
  <Object
    Path="C:\projects\icra2024_measurements\Physical\Config1\4PPC70_0702_20B\AccessAndSecurity\UserRoleSystem\User.user"
    LogicalPath="Config1.4PPC70_0702_20B.AccessAndSecurity.UserRoleSystem.User.user"
    Type="File"
    LastWriteTime="133614394754588431"
    Private="false" />
  <Object
    Path="C:\projects\icra2024_measurements\Physical\Config1\4PPC70_0702_20B\AccessAndSecurity\CertificateStore\Package.pkg"
    LogicalPath="Config1.4PPC70_0702_20B.AccessAndSecurity.CertificateStore"
    Type="Package"
    LastWriteTime="133614394754718489" />
  <Object
    Path="C:\projects\icra2024_measurements\Physical\Config1\4PPC70_0702_20B\AccessAndSecurity\CertificateStore\OwnCertificates\Package.pkg"
    LogicalPath="Config1.4PPC70_0702_20B.AccessAndSecurity.CertificateStore.OwnCertificates"
    Type="Package"
    LastWriteTime="133614394754588431" />
  <Object
    Path="C:\projects\icra2024_measurements\Physical\Config1\4PPC70_0702_20B\AccessAndSecurity\CertificateStore\OwnCertificates\Certificates\Package.pkg"
    LogicalPath="Config1.4PPC70_0702_20B.AccessAndSecurity.CertificateStore.OwnCertificates.Certificates"
    Type="Package"
    LastWriteTime="133614394754588431" />
  <Object
    Path="C:\projects\icra2024_measurements\Physical\Config1\4PPC70_0702_20B\AccessAndSecurity\CertificateStore\OwnCertificates\PrivateKeys\Package.pkg"
    LogicalPath="Config1.4PPC70_0702_20B.AccessAndSecurity.CertificateStore.OwnCertificates.PrivateKeys"
    Type="Package"
    LastWriteTime="133614394754588431" />
  <Object
    Path="C:\projects\icra2024_measurements\Physical\Config1\4PPC70_0702_20B\AccessAndSecurity\CertificateStore\ThirdPartyCertificates\Package.pkg"
    LogicalPath="Config1.4PPC70_0702_20B.AccessAndSecurity.CertificateStore.ThirdPartyCertificates"
    Type="Package"
    LastWriteTime="133614394754718489" />
  <Object
    Path="C:\projects\icra2024_measurements\Physical\Config1\4PPC70_0702_20B\AccessAndSecurity\CertificateStore\ThirdPartyCertificates\SoftwareCertificates\Package.pkg"
    LogicalPath="Config1.4PPC70_0702_20B.AccessAndSecurity.CertificateStore.ThirdPartyCertificates.SoftwareCertificates"
    Type="Package"
    LastWriteTime="133614394754718489" />
  <Object
    Path="C:\projects\icra2024_measurements\Physical\Config1\4PPC70_0702_20B\AccessAndSecurity\CertificateStore\CertificateRevocationLists\Package.pkg"
    LogicalPath="Config1.4PPC70_0702_20B.AccessAndSecurity.CertificateStore.CertificateRevocationLists"
    Type="Package"
    LastWriteTime="133614394754718489" />
  <Object
    Path="C:\projects\icra2024_measurements\Physical\Config1\4PPC70_0702_20B\AccessAndSecurity\CertificateStore\CertificateSigningRequests\Package.pkg"
    LogicalPath="Config1.4PPC70_0702_20B.AccessAndSecurity.CertificateStore.CertificateSigningRequests"
    Type="Package"
    LastWriteTime="133614394754718489" />
  <Object
    Path="C:\projects\icra2024_measurements\Physical\Config1\4PPC70_0702_20B\AccessAndSecurity\TransportLayerSecurity\Package.pkg"
    LogicalPath="Config1.4PPC70_0702_20B.AccessAndSecurity.TransportLayerSecurity"
    Type="Package"
    LastWriteTime="133614394754718489" />
  <Object
    Path="C:\projects\icra2024_measurements\Physical\Config1\4PPC70_0702_20B\AccessAndSecurity\Firewall\Package.pkg"
    LogicalPath="Config1.4PPC70_0702_20B.AccessAndSecurity.Firewall"
    Type="Package"
    LastWriteTime="133614394754874781" />
  <Object
    Path="C:\projects\icra2024_measurements\Physical\Config1\4PPC70_0702_20B\AccessAndSecurity\Firewall\Rules.firewallRules"
    LogicalPath="Config1.4PPC70_0702_20B.AccessAndSecurity.Firewall.Rules.firewallRules"
    Type="File"
    LastWriteTime="133614394754874781"
    Private="false" />
  <Object
    Path="C:\projects\icra2024_measurements\Physical\Config1\4PPC70_0702_20B\mappControl\Package.pkg"
    LogicalPath="Config1.4PPC70_0702_20B.mappControl"
    Type="Package"
    LastWriteTime="133614394754874781" />
  <Object
    Path="C:\projects\icra2024_measurements\Physical\Config1\4PPC70_0702_20B\mappMotion\Package.pkg"
    LogicalPath="Config1.4PPC70_0702_20B.mappMotion"
    Type="Package"
    LastWriteTime="133614394754874781" />
  <Object
    Path="C:\projects\icra2024_measurements\Physical\Config1\4PPC70_0702_20B\mappServices\Package.pkg"
    LogicalPath="Config1.4PPC70_0702_20B.mappServices"
    Type="Package"
    LastWriteTime="133614394755031126" />
  <Object
    Path="C:\projects\icra2024_measurements\Physical\Config1\4PPC70_0702_20B\mappSafety\Package.pkg"
    LogicalPath="Config1.4PPC70_0702_20B.mappSafety"
    Type="Package"
    LastWriteTime="133614394755187178" />
  <Object
    Path="C:\projects\icra2024_measurements\Physical\Config1\4PPC70_0702_20B\mappSafety\SafeApplication\Package.pkg"
    LogicalPath="Config1.4PPC70_0702_20B.mappSafety.SafeApplication"
    Type="Package"
    LastWriteTime="133614394755187178" />
  <Object
    Path="C:\projects\icra2024_measurements\Physical\Config1\4PPC70_0702_20B\mappSafety\SafeCommissioning\Package.pkg"
    LogicalPath="Config1.4PPC70_0702_20B.mappSafety.SafeCommissioning"
    Type="Package"
    LastWriteTime="133614394755187178" />
  <Object
    Path="C:\projects\icra2024_measurements\Physical\Config1\4PPC70_0702_20B\mappView\Package.pkg"
    LogicalPath="Config1.4PPC70_0702_20B.mappView"
    Type="Package"
    LastWriteTime="133614394755187178" />
  <Object
    Path="C:\projects\icra2024_measurements\Physical\Config1\4PPC70_0702_20B\mappVision\Package.pkg"
    LogicalPath="Config1.4PPC70_0702_20B.mappVision"
    Type="Package"
    LastWriteTime="133614394755343747" />
  <Object
    Path="C:\projects\icra2024_measurements\Physical\Config1\4PPC70_0702_20B\mappCockpit\Package.pkg"
    LogicalPath="Config1.4PPC70_0702_20B.mappCockpit"
    Type="Package"
    LastWriteTime="133614394755343747" />
  <Object
    Path="C:\projects\icra2024_measurements\Physical\Config1\4PPC70_0702_20B\VC\Package.pkg"
    LogicalPath="Config1.4PPC70_0702_20B.VC"
    Type="Package"
    LastWriteTime="133614398309636575" />
  <Object
    Path="C:\projects\icra2024_measurements\Physical\Config1\4PPC70_0702_20B\VC\4PPC70_0702_20B.dis"
    LogicalPath="Config1.4PPC70_0702_20B.VC.4PPC70_0702_20B.dis"
    Type="File"
    LastWriteTime="133614394781326049"
    Private="false" />
  <Object
    Path="C:\projects\icra2024_measurements\Physical\Config1\4PPC70_0702_20B\VC\PS2-Keyboard.dis"
    LogicalPath="Config1.4PPC70_0702_20B.VC.PS2-Keyboard.dis"
    Type="File"
    LastWriteTime="133614398309802635"
    Private="false" />
  <Object
    Path="C:\projects\icra2024_measurements\Physical\Config1\Hardware.jpg"
    LogicalPath="Config1.Hardware.jpg"
    Type="File"
    LastWriteTime="133614517665435619"
    Private="false" />
</Objects>