<?xml version="1.0" encoding="utf-8"?>
<?AutomationStudio Version="4.12.2.93"?>
<Objects>
  <Object
    Path="C:\Users\km_2\Desktop\PLC Projekty\soft_bellows_plc\Logical\Package.pkg"
    LogicalPath=""
    Type="Package.ParentUnknown"
    LastWriteTime="133609259436904571" />
  <Object
    Path="C:\Users\km_2\Desktop\PLC Projekty\soft_bellows_plc\Logical\Global.typ"
    LogicalPath="Global.typ"
    Type="File"
    LastWriteTime="133609249548490765"
    Private="false" />
  <Object
    Path="C:\Users\km_2\Desktop\PLC Projekty\soft_bellows_plc\Logical\Global.var"
    LogicalPath="Global.var"
    Type="File"
    LastWriteTime="133609243917589696"
    Private="false" />
  <Object
    Path="C:\Users\km_2\Desktop\PLC Projekty\soft_bellows_plc\Logical\Libraries\Package.pkg"
    LogicalPath="Libraries"
    Type="Package"
    LastWriteTime="133609243917920687" />
  <Object
    Path="C:\Users\km_2\Desktop\PLC Projekty\soft_bellows_plc\Logical\Libraries\operator\binary.lby"
    LogicalPath="Libraries.operator"
    Type="Library"
    LastWriteTime="133609243926777625" />
  <Object
    Path="C:\Users\km_2\Desktop\PLC Projekty\soft_bellows_plc\Logical\Libraries\operator\operator.fun"
    LogicalPath="Libraries.operator.operator.fun"
    Type="File"
    LastWriteTime="133609243926932693"
    Private="false" />
  <Object
    Path="C:\Users\km_2\Desktop\PLC Projekty\soft_bellows_plc\Logical\Libraries\operator\operator.typ"
    LogicalPath="Libraries.operator.operator.typ"
    Type="File"
    LastWriteTime="133609243926932693"
    Private="false" />
  <Object
    Path="C:\Users\km_2\Desktop\PLC Projekty\soft_bellows_plc\Logical\Libraries\operator\operator.var"
    LogicalPath="Libraries.operator.operator.var"
    Type="File"
    LastWriteTime="133609243927089843"
    Private="false" />
  <Object
    Path="C:\Users\km_2\Desktop\PLC Projekty\soft_bellows_plc\Logical\Libraries\runtime\binary.lby"
    LogicalPath="Libraries.runtime"
    Type="Library"
    LastWriteTime="133609243932169122" />
  <Object
    Path="C:\Users\km_2\Desktop\PLC Projekty\soft_bellows_plc\Logical\Libraries\runtime\runtime.fun"
    LogicalPath="Libraries.runtime.runtime.fun"
    Type="File"
    LastWriteTime="133609243932325908"
    Private="false" />
  <Object
    Path="C:\Users\km_2\Desktop\PLC Projekty\soft_bellows_plc\Logical\Libraries\runtime\runtime.typ"
    LogicalPath="Libraries.runtime.runtime.typ"
    Type="File"
    LastWriteTime="133609243932325908"
    Private="false" />
  <Object
    Path="C:\Users\km_2\Desktop\PLC Projekty\soft_bellows_plc\Logical\Libraries\runtime\runtime.var"
    LogicalPath="Libraries.runtime.runtime.var"
    Type="File"
    LastWriteTime="133609243932483409"
    Private="false" />
  <Object
    Path="C:\Users\km_2\Desktop\PLC Projekty\soft_bellows_plc\Logical\Libraries\astime\binary.lby"
    LogicalPath="Libraries.astime"
    Type="Library"
    LastWriteTime="133609243923770654" />
  <Object
    Path="C:\Users\km_2\Desktop\PLC Projekty\soft_bellows_plc\Logical\Libraries\astime\astime.fun"
    LogicalPath="Libraries.astime.astime.fun"
    Type="File"
    LastWriteTime="133609243923456009"
    Private="false" />
  <Object
    Path="C:\Users\km_2\Desktop\PLC Projekty\soft_bellows_plc\Logical\Libraries\astime\astime.typ"
    LogicalPath="Libraries.astime.astime.typ"
    Type="File"
    LastWriteTime="133609243923613548"
    Private="false" />
  <Object
    Path="C:\Users\km_2\Desktop\PLC Projekty\soft_bellows_plc\Logical\Libraries\astime\astime.var"
    LogicalPath="Libraries.astime.astime.var"
    Type="File"
    LastWriteTime="133609243923770654"
    Private="false" />
  <Object
    Path="C:\Users\km_2\Desktop\PLC Projekty\soft_bellows_plc\Logical\Libraries\AsIecCon\binary.lby"
    LogicalPath="Libraries.AsIecCon"
    Type="Library"
    LastWriteTime="133609243922504087" />
  <Object
    Path="C:\Users\km_2\Desktop\PLC Projekty\soft_bellows_plc\Logical\Libraries\AsIecCon\AsIecCon.fun"
    LogicalPath="Libraries.AsIecCon.AsIecCon.fun"
    Type="File"
    LastWriteTime="133609243922344297"
    Private="false" />
  <Object
    Path="C:\Users\km_2\Desktop\PLC Projekty\soft_bellows_plc\Logical\Libraries\AsIecCon\AsIecCon.typ"
    LogicalPath="Libraries.AsIecCon.AsIecCon.typ"
    Type="File"
    LastWriteTime="133609243922344297"
    Private="false" />
  <Object
    Path="C:\Users\km_2\Desktop\PLC Projekty\soft_bellows_plc\Logical\Libraries\AsIecCon\AsIecCon.var"
    LogicalPath="Libraries.AsIecCon.AsIecCon.var"
    Type="File"
    LastWriteTime="133609243922504087"
    Private="false" />
  <Object
    Path="C:\Users\km_2\Desktop\PLC Projekty\soft_bellows_plc\Logical\Libraries\Acp10man\Binary.lby"
    LogicalPath="Libraries.Acp10man"
    Type="Library"
    LastWriteTime="133609243919650669" />
  <Object
    Path="C:\Users\km_2\Desktop\PLC Projekty\soft_bellows_plc\Logical\Libraries\Acp10man\Acp10man.typ"
    LogicalPath="Libraries.Acp10man.Acp10man.typ"
    Type="File"
    LastWriteTime="133609243919493617"
    Private="false" />
  <Object
    Path="C:\Users\km_2\Desktop\PLC Projekty\soft_bellows_plc\Logical\Libraries\Acp10par\Binary.lby"
    LogicalPath="Libraries.Acp10par"
    Type="Library"
    LastWriteTime="133609243921390742" />
  <Object
    Path="C:\Users\km_2\Desktop\PLC Projekty\soft_bellows_plc\Logical\Libraries\Acp10par\Acp10par.var"
    LogicalPath="Libraries.Acp10par.Acp10par.var"
    Type="File"
    LastWriteTime="133609243921233477"
    Private="false" />
  <Object
    Path="C:\Users\km_2\Desktop\PLC Projekty\soft_bellows_plc\Logical\Libraries\NcGlobal\Binary.lby"
    LogicalPath="Libraries.NcGlobal"
    Type="Library"
    LastWriteTime="133609243925829211" />
  <Object
    Path="C:\Users\km_2\Desktop\PLC Projekty\soft_bellows_plc\Logical\Libraries\NcGlobal\NcGlobal.fun"
    LogicalPath="Libraries.NcGlobal.NcGlobal.fun"
    Type="File"
    LastWriteTime="133609243925989325"
    Private="false" />
  <Object
    Path="C:\Users\km_2\Desktop\PLC Projekty\soft_bellows_plc\Logical\Libraries\NcGlobal\NcGlobal.typ"
    LogicalPath="Libraries.NcGlobal.NcGlobal.typ"
    Type="File"
    LastWriteTime="133609243925989325"
    Private="false" />
  <Object
    Path="C:\Users\km_2\Desktop\PLC Projekty\soft_bellows_plc\Logical\Libraries\NcGlobal\NcGlobal.var"
    LogicalPath="Libraries.NcGlobal.NcGlobal.var"
    Type="File"
    LastWriteTime="133609243926146226"
    Private="false" />
  <Object
    Path="C:\Users\km_2\Desktop\PLC Projekty\soft_bellows_plc\Logical\Libraries\Acp10_MC\binary.lby"
    LogicalPath="Libraries.Acp10_MC"
    Type="Library"
    LastWriteTime="133609243918381898" />
  <Object
    Path="C:\Users\km_2\Desktop\PLC Projekty\soft_bellows_plc\Logical\Libraries\Acp10_MC\acp10_mc.fun"
    LogicalPath="Libraries.Acp10_MC.acp10_mc.fun"
    Type="File"
    LastWriteTime="133609243918065738"
    Private="false" />
  <Object
    Path="C:\Users\km_2\Desktop\PLC Projekty\soft_bellows_plc\Logical\Libraries\Acp10_MC\acp10_mc.typ"
    LogicalPath="Libraries.Acp10_MC.acp10_mc.typ"
    Type="File"
    LastWriteTime="133609243918222933"
    Private="false" />
  <Object
    Path="C:\Users\km_2\Desktop\PLC Projekty\soft_bellows_plc\Logical\Libraries\Acp10_MC\acp10_mc.var"
    LogicalPath="Libraries.Acp10_MC.acp10_mc.var"
    Type="File"
    LastWriteTime="133609243918381898"
    Private="false" />
  <Object
    Path="C:\Users\km_2\Desktop\PLC Projekty\soft_bellows_plc\Logical\Libraries\sys_lib\binary.lby"
    LogicalPath="Libraries.sys_lib"
    Type="Library"
    LastWriteTime="133609243932799586" />
  <Object
    Path="C:\Users\km_2\Desktop\PLC Projekty\soft_bellows_plc\Logical\Libraries\sys_lib\sys_lib.fun"
    LogicalPath="Libraries.sys_lib.sys_lib.fun"
    Type="File"
    LastWriteTime="133609243932959856"
    Private="false" />
  <Object
    Path="C:\Users\km_2\Desktop\PLC Projekty\soft_bellows_plc\Logical\Libraries\sys_lib\sys_lib.typ"
    LogicalPath="Libraries.sys_lib.sys_lib.typ"
    Type="File"
    LastWriteTime="133609243932959856"
    Private="false" />
  <Object
    Path="C:\Users\km_2\Desktop\PLC Projekty\soft_bellows_plc\Logical\Libraries\sys_lib\sys_lib.var"
    LogicalPath="Libraries.sys_lib.sys_lib.var"
    Type="File"
    LastWriteTime="133609243933116963"
    Private="false" />
  <Object
    Path="C:\Users\km_2\Desktop\PLC Projekty\soft_bellows_plc\Logical\Libraries\brsystem\binary.lby"
    LogicalPath="Libraries.brsystem"
    Type="Library"
    LastWriteTime="133609243924245140" />
  <Object
    Path="C:\Users\km_2\Desktop\PLC Projekty\soft_bellows_plc\Logical\Libraries\brsystem\brsystem.fun"
    LogicalPath="Libraries.brsystem.brsystem.fun"
    Type="File"
    LastWriteTime="133609243924245140"
    Private="false" />
  <Object
    Path="C:\Users\km_2\Desktop\PLC Projekty\soft_bellows_plc\Logical\Libraries\brsystem\brsystem.typ"
    LogicalPath="Libraries.brsystem.brsystem.typ"
    Type="File"
    LastWriteTime="133609243924403530"
    Private="false" />
  <Object
    Path="C:\Users\km_2\Desktop\PLC Projekty\soft_bellows_plc\Logical\Libraries\brsystem\brsystem.var"
    LogicalPath="Libraries.brsystem.brsystem.var"
    Type="File"
    LastWriteTime="133609243924403530"
    Private="false" />
  <Object
    Path="C:\Users\km_2\Desktop\PLC Projekty\soft_bellows_plc\Logical\Libraries\MTLinAlg\Binary.lby"
    LogicalPath="Libraries.MTLinAlg"
    Type="Library"
    LastWriteTime="133609243924879608" />
  <Object
    Path="C:\Users\km_2\Desktop\PLC Projekty\soft_bellows_plc\Logical\Libraries\MTLinAlg\MTLinAlg.typ"
    LogicalPath="Libraries.MTLinAlg.MTLinAlg.typ"
    Type="File"
    LastWriteTime="133609243925039735"
    Private="false" />
  <Object
    Path="C:\Users\km_2\Desktop\PLC Projekty\soft_bellows_plc\Logical\Libraries\MTLinAlg\MTLinAlg.var"
    LogicalPath="Libraries.MTLinAlg.MTLinAlg.var"
    Type="File"
    LastWriteTime="133609243925039735"
    Private="false" />
  <Object
    Path="C:\Users\km_2\Desktop\PLC Projekty\soft_bellows_plc\Logical\Libraries\MTLinAlg\MTLinAlg.fun"
    LogicalPath="Libraries.MTLinAlg.MTLinAlg.fun"
    Type="File"
    LastWriteTime="133609243924934691"
    Private="false" />
  <Object
    Path="C:\Users\km_2\Desktop\PLC Projekty\soft_bellows_plc\Logical\Libraries\AsArLog\binary.lby"
    LogicalPath="Libraries.AsArLog"
    Type="Library"
    LastWriteTime="133609243922024718" />
  <Object
    Path="C:\Users\km_2\Desktop\PLC Projekty\soft_bellows_plc\Logical\Libraries\AsArLog\AsArLog.fun"
    LogicalPath="Libraries.AsArLog.AsArLog.fun"
    Type="File"
    LastWriteTime="133609243921929584"
    Private="false" />
  <Object
    Path="C:\Users\km_2\Desktop\PLC Projekty\soft_bellows_plc\Logical\Libraries\AsArLog\AsArLog.typ"
    LogicalPath="Libraries.AsArLog.AsArLog.typ"
    Type="File"
    LastWriteTime="133609243921929584"
    Private="false" />
  <Object
    Path="C:\Users\km_2\Desktop\PLC Projekty\soft_bellows_plc\Logical\Libraries\AsArLog\AsArLog.var"
    LogicalPath="Libraries.AsArLog.AsArLog.var"
    Type="File"
    LastWriteTime="133609243922024718"
    Private="false" />
  <Object
    Path="C:\Users\km_2\Desktop\PLC Projekty\soft_bellows_plc\Logical\Libraries\AsTCP\binary.lby"
    LogicalPath="Libraries.AsTCP"
    Type="Library"
    LastWriteTime="133609243923140470" />
  <Object
    Path="C:\Users\km_2\Desktop\PLC Projekty\soft_bellows_plc\Logical\Libraries\AsTCP\AsTCP.fun"
    LogicalPath="Libraries.AsTCP.AsTCP.fun"
    Type="File"
    LastWriteTime="133609243922932230"
    Private="false" />
  <Object
    Path="C:\Users\km_2\Desktop\PLC Projekty\soft_bellows_plc\Logical\Libraries\AsTCP\AsTCP.typ"
    LogicalPath="Libraries.AsTCP.AsTCP.typ"
    Type="File"
    LastWriteTime="133609243922982289"
    Private="false" />
  <Object
    Path="C:\Users\km_2\Desktop\PLC Projekty\soft_bellows_plc\Logical\Libraries\AsTCP\AsTCP.var"
    LogicalPath="Libraries.AsTCP.AsTCP.var"
    Type="File"
    LastWriteTime="133609243922982289"
    Private="false" />
  <Object
    Path="C:\Users\km_2\Desktop\PLC Projekty\soft_bellows_plc\Logical\Libraries\traj_lib\ANSIC.lby"
    LogicalPath="Libraries.traj_lib"
    Type="Library"
    LastWriteTime="133609243933431293" />
  <Object
    Path="C:\Users\km_2\Desktop\PLC Projekty\soft_bellows_plc\Logical\Libraries\traj_lib\generator_trajektorie_test.c"
    LogicalPath="Libraries.traj_lib.generator_trajektorie_test.c"
    Type="File"
    LastWriteTime="133609243933588286"
    Private="false" />
  <Object
    Path="C:\Users\km_2\Desktop\PLC Projekty\soft_bellows_plc\Logical\Libraries\traj_lib\generator_trajektorie_test.h"
    LogicalPath="Libraries.traj_lib.generator_trajektorie_test.h"
    Type="File"
    LastWriteTime="133609243933588286"
    Private="false" />
  <Object
    Path="C:\Users\km_2\Desktop\PLC Projekty\soft_bellows_plc\Logical\Libraries\traj_lib\generator_trajektorie_test_private.h"
    LogicalPath="Libraries.traj_lib.generator_trajektorie_test_private.h"
    Type="File"
    LastWriteTime="133609243933746394"
    Private="false" />
  <Object
    Path="C:\Users\km_2\Desktop\PLC Projekty\soft_bellows_plc\Logical\Libraries\traj_lib\generator_trajektorie_test_types.h"
    LogicalPath="Libraries.traj_lib.generator_trajektorie_test_types.h"
    Type="File"
    LastWriteTime="133609243933746394"
    Private="false" />
  <Object
    Path="C:\Users\km_2\Desktop\PLC Projekty\soft_bellows_plc\Logical\Libraries\traj_lib\lib_properties.txt"
    LogicalPath="Libraries.traj_lib.lib_properties.txt"
    Type="File"
    LastWriteTime="133609243933933335"
    Private="false" />
  <Object
    Path="C:\Users\km_2\Desktop\PLC Projekty\soft_bellows_plc\Logical\Libraries\traj_lib\multiword_types.h"
    LogicalPath="Libraries.traj_lib.multiword_types.h"
    Type="File"
    LastWriteTime="133609243934063431"
    Private="false" />
  <Object
    Path="C:\Users\km_2\Desktop\PLC Projekty\soft_bellows_plc\Logical\Libraries\traj_lib\rtGetInf.c"
    LogicalPath="Libraries.traj_lib.rtGetInf.c"
    Type="File"
    LastWriteTime="133609243934379479"
    Private="false" />
  <Object
    Path="C:\Users\km_2\Desktop\PLC Projekty\soft_bellows_plc\Logical\Libraries\traj_lib\rtGetInf.h"
    LogicalPath="Libraries.traj_lib.rtGetInf.h"
    Type="File"
    LastWriteTime="133609243934536625"
    Private="false" />
  <Object
    Path="C:\Users\km_2\Desktop\PLC Projekty\soft_bellows_plc\Logical\Libraries\traj_lib\rtGetNaN.c"
    LogicalPath="Libraries.traj_lib.rtGetNaN.c"
    Type="File"
    LastWriteTime="133609243934536625"
    Private="false" />
  <Object
    Path="C:\Users\km_2\Desktop\PLC Projekty\soft_bellows_plc\Logical\Libraries\traj_lib\rtGetNaN.h"
    LogicalPath="Libraries.traj_lib.rtGetNaN.h"
    Type="File"
    LastWriteTime="133609243934693928"
    Private="false" />
  <Object
    Path="C:\Users\km_2\Desktop\PLC Projekty\soft_bellows_plc\Logical\Libraries\traj_lib\rt_defines.h"
    LogicalPath="Libraries.traj_lib.rt_defines.h"
    Type="File"
    LastWriteTime="133609243934221232"
    Private="false" />
  <Object
    Path="C:\Users\km_2\Desktop\PLC Projekty\soft_bellows_plc\Logical\Libraries\traj_lib\rt_nonfinite.c"
    LogicalPath="Libraries.traj_lib.rt_nonfinite.c"
    Type="File"
    LastWriteTime="133609243934221232"
    Private="false" />
  <Object
    Path="C:\Users\km_2\Desktop\PLC Projekty\soft_bellows_plc\Logical\Libraries\traj_lib\rt_nonfinite.h"
    LogicalPath="Libraries.traj_lib.rt_nonfinite.h"
    Type="File"
    LastWriteTime="133609243934379479"
    Private="false" />
  <Object
    Path="C:\Users\km_2\Desktop\PLC Projekty\soft_bellows_plc\Logical\Libraries\traj_lib\rtmodel.h"
    LogicalPath="Libraries.traj_lib.rtmodel.h"
    Type="File"
    LastWriteTime="133609243934693928"
    Private="false" />
  <Object
    Path="C:\Users\km_2\Desktop\PLC Projekty\soft_bellows_plc\Logical\Libraries\traj_lib\rtwtypes.h"
    LogicalPath="Libraries.traj_lib.rtwtypes.h"
    Type="File"
    LastWriteTime="133609243935011156"
    Private="false" />
  <Object
    Path="C:\Users\km_2\Desktop\PLC Projekty\soft_bellows_plc\Logical\Libraries\traj_lib\traj.c"
    LogicalPath="Libraries.traj_lib.traj.c"
    Type="File"
    LastWriteTime="133609243935169382"
    Private="false" />
  <Object
    Path="C:\Users\km_2\Desktop\PLC Projekty\soft_bellows_plc\Logical\Libraries\traj_lib\traj_lib.fun"
    LogicalPath="Libraries.traj_lib.traj_lib.fun"
    Type="File"
    LastWriteTime="133609243935169382"
    Private="false" />
  <Object
    Path="C:\Users\km_2\Desktop\PLC Projekty\soft_bellows_plc\Logical\Libraries\traj_lib\traj_lib.typ"
    LogicalPath="Libraries.traj_lib.traj_lib.typ"
    Type="File"
    LastWriteTime="133609243935327438"
    Private="false" />
  <Object
    Path="C:\Users\km_2\Desktop\PLC Projekty\soft_bellows_plc\Logical\Libraries\traj_lib\traj_lib.var"
    LogicalPath="Libraries.traj_lib.traj_lib.var"
    Type="File"
    LastWriteTime="133609243935327438"
    Private="false" />
  <Object
    Path="C:\Users\km_2\Desktop\PLC Projekty\soft_bellows_plc\Logical\Libraries\traj_lib\rtw_continuous.h"
    LogicalPath="Libraries.traj_lib.rtw_continuous.h"
    Type="File"
    LastWriteTime="133609243934851021"
    Private="false" />
  <Object
    Path="C:\Users\km_2\Desktop\PLC Projekty\soft_bellows_plc\Logical\Libraries\traj_lib\rtw_solver.h"
    LogicalPath="Libraries.traj_lib.rtw_solver.h"
    Type="File"
    LastWriteTime="133609243934936083"
    Private="false" />
  <Object
    Path="C:\Users\km_2\Desktop\PLC Projekty\soft_bellows_plc\Logical\Libraries\traj_lib\tmwtypes.h"
    LogicalPath="Libraries.traj_lib.tmwtypes.h"
    Type="File"
    LastWriteTime="133609243935011156"
    Private="false" />
  <Object
    Path="C:\Users\km_2\Desktop\PLC Projekty\soft_bellows_plc\Logical\Libraries\pomoc_lib\ANSIC.lby"
    LogicalPath="Libraries.pomoc_lib"
    Type="Library"
    LastWriteTime="133609243927405734" />
  <Object
    Path="C:\Users\km_2\Desktop\PLC Projekty\soft_bellows_plc\Logical\Libraries\pomoc_lib\cyklovac_BB.c"
    LogicalPath="Libraries.pomoc_lib.cyklovac_BB.c"
    Type="File"
    LastWriteTime="133609243927566767"
    Private="false" />
  <Object
    Path="C:\Users\km_2\Desktop\PLC Projekty\soft_bellows_plc\Logical\Libraries\pomoc_lib\cyklovac_BB.h"
    LogicalPath="Libraries.pomoc_lib.cyklovac_BB.h"
    Type="File"
    LastWriteTime="133609243927727349"
    Private="false" />
  <Object
    Path="C:\Users\km_2\Desktop\PLC Projekty\soft_bellows_plc\Logical\Libraries\pomoc_lib\cyklovac_BB_data.c"
    LogicalPath="Libraries.pomoc_lib.cyklovac_BB_data.c"
    Type="File"
    LastWriteTime="133609243927727349"
    Private="false" />
  <Object
    Path="C:\Users\km_2\Desktop\PLC Projekty\soft_bellows_plc\Logical\Libraries\pomoc_lib\cyklovac_BB_private.h"
    LogicalPath="Libraries.pomoc_lib.cyklovac_BB_private.h"
    Type="File"
    LastWriteTime="133609243927887282"
    Private="false" />
  <Object
    Path="C:\Users\km_2\Desktop\PLC Projekty\soft_bellows_plc\Logical\Libraries\pomoc_lib\cyklovac_BB_types.h"
    LogicalPath="Libraries.pomoc_lib.cyklovac_BB_types.h"
    Type="File"
    LastWriteTime="133609243927932337"
    Private="false" />
  <Object
    Path="C:\Users\km_2\Desktop\PLC Projekty\soft_bellows_plc\Logical\Libraries\pomoc_lib\cyklovac_b.c"
    LogicalPath="Libraries.pomoc_lib.cyklovac_b.c"
    Type="File"
    LastWriteTime="133609243927566767"
    Private="false" />
  <Object
    Path="C:\Users\km_2\Desktop\PLC Projekty\soft_bellows_plc\Logical\Libraries\pomoc_lib\lib_properties.txt"
    LogicalPath="Libraries.pomoc_lib.lib_properties.txt"
    Type="File"
    LastWriteTime="133609243928047406"
    Private="false" />
  <Object
    Path="C:\Users\km_2\Desktop\PLC Projekty\soft_bellows_plc\Logical\Libraries\pomoc_lib\multiword_types.h"
    LogicalPath="Libraries.pomoc_lib.multiword_types.h"
    Type="File"
    LastWriteTime="133609243928047406"
    Private="false" />
  <Object
    Path="C:\Users\km_2\Desktop\PLC Projekty\soft_bellows_plc\Logical\Libraries\pomoc_lib\pomoc_lib.fun"
    LogicalPath="Libraries.pomoc_lib.pomoc_lib.fun"
    Type="File"
    LastWriteTime="133609243928204906"
    Private="false" />
  <Object
    Path="C:\Users\km_2\Desktop\PLC Projekty\soft_bellows_plc\Logical\Libraries\pomoc_lib\pomoc_lib.typ"
    LogicalPath="Libraries.pomoc_lib.pomoc_lib.typ"
    Type="File"
    LastWriteTime="133609243928204906"
    Private="false" />
  <Object
    Path="C:\Users\km_2\Desktop\PLC Projekty\soft_bellows_plc\Logical\Libraries\pomoc_lib\pomoc_lib.var"
    LogicalPath="Libraries.pomoc_lib.pomoc_lib.var"
    Type="File"
    LastWriteTime="133609243928362169"
    Private="false" />
  <Object
    Path="C:\Users\km_2\Desktop\PLC Projekty\soft_bellows_plc\Logical\Libraries\pomoc_lib\rt_defines.h"
    LogicalPath="Libraries.pomoc_lib.rt_defines.h"
    Type="File"
    LastWriteTime="133609243928362169"
    Private="false" />
  <Object
    Path="C:\Users\km_2\Desktop\PLC Projekty\soft_bellows_plc\Logical\Libraries\pomoc_lib\rtmodel.h"
    LogicalPath="Libraries.pomoc_lib.rtmodel.h"
    Type="File"
    LastWriteTime="133609243928521663"
    Private="false" />
  <Object
    Path="C:\Users\km_2\Desktop\PLC Projekty\soft_bellows_plc\Logical\Libraries\pomoc_lib\rtwtypes.h"
    LogicalPath="Libraries.pomoc_lib.rtwtypes.h"
    Type="File"
    LastWriteTime="133609243928679565"
    Private="false" />
  <Object
    Path="C:\Users\km_2\Desktop\PLC Projekty\soft_bellows_plc\Logical\Libraries\pomoc_lib\rtw_continuous.h"
    LogicalPath="Libraries.pomoc_lib.rtw_continuous.h"
    Type="File"
    LastWriteTime="133609243928521663"
    Private="false" />
  <Object
    Path="C:\Users\km_2\Desktop\PLC Projekty\soft_bellows_plc\Logical\Libraries\pomoc_lib\rtw_solver.h"
    LogicalPath="Libraries.pomoc_lib.rtw_solver.h"
    Type="File"
    LastWriteTime="133609243928679565"
    Private="false" />
  <Object
    Path="C:\Users\km_2\Desktop\PLC Projekty\soft_bellows_plc\Logical\Libraries\pomoc_lib\tmwtypes.h"
    LogicalPath="Libraries.pomoc_lib.tmwtypes.h"
    Type="File"
    LastWriteTime="133609243928836763"
    Private="false" />
  <Object
    Path="C:\Users\km_2\Desktop\PLC Projekty\soft_bellows_plc\Logical\Libraries\regulatory\ANSIC.lby"
    LogicalPath="Libraries.regulatory"
    Type="Library"
    LastWriteTime="133609243928996881" />
  <Object
    Path="C:\Users\km_2\Desktop\PLC Projekty\soft_bellows_plc\Logical\Libraries\regulatory\FF_PID_r_t.c"
    LogicalPath="Libraries.regulatory.FF_PID_r_t.c"
    Type="File"
    LastWriteTime="133609243929155826"
    Private="false" />
  <Object
    Path="C:\Users\km_2\Desktop\PLC Projekty\soft_bellows_plc\Logical\Libraries\regulatory\lib_properties.txt"
    LogicalPath="Libraries.regulatory.lib_properties.txt"
    Type="File"
    LastWriteTime="133609243929314576"
    Private="false" />
  <Object
    Path="C:\Users\km_2\Desktop\PLC Projekty\soft_bellows_plc\Logical\Libraries\regulatory\multiword_types.h"
    LogicalPath="Libraries.regulatory.multiword_types.h"
    Type="File"
    LastWriteTime="133609243929314576"
    Private="false" />
  <Object
    Path="C:\Users\km_2\Desktop\PLC Projekty\soft_bellows_plc\Logical\Libraries\regulatory\reg_FF_PI_pl_regr_stiff.c"
    LogicalPath="Libraries.regulatory.reg_FF_PI_pl_regr_stiff.c"
    Type="File"
    LastWriteTime="133609243929948588"
    Private="false" />
  <Object
    Path="C:\Users\km_2\Desktop\PLC Projekty\soft_bellows_plc\Logical\Libraries\regulatory\reg_FF_PI_pl_regr_stiff.h"
    LogicalPath="Libraries.regulatory.reg_FF_PI_pl_regr_stiff.h"
    Type="File"
    LastWriteTime="133609243929948588"
    Private="false" />
  <Object
    Path="C:\Users\km_2\Desktop\PLC Projekty\soft_bellows_plc\Logical\Libraries\regulatory\reg_FF_PI_pl_regr_stiff_data.c"
    LogicalPath="Libraries.regulatory.reg_FF_PI_pl_regr_stiff_data.c"
    Type="File"
    LastWriteTime="133609243930109232"
    Private="false" />
  <Object
    Path="C:\Users\km_2\Desktop\PLC Projekty\soft_bellows_plc\Logical\Libraries\regulatory\reg_FF_PI_pl_regr_stiff_private.h"
    LogicalPath="Libraries.regulatory.reg_FF_PI_pl_regr_stiff_private.h"
    Type="File"
    LastWriteTime="133609243930109232"
    Private="false" />
  <Object
    Path="C:\Users\km_2\Desktop\PLC Projekty\soft_bellows_plc\Logical\Libraries\regulatory\reg_FF_PI_pl_regr_stiff_types.h"
    LogicalPath="Libraries.regulatory.reg_FF_PI_pl_regr_stiff_types.h"
    Type="File"
    LastWriteTime="133609243930267784"
    Private="false" />
  <Object
    Path="C:\Users\km_2\Desktop\PLC Projekty\soft_bellows_plc\Logical\Libraries\regulatory\regulatory.fun"
    LogicalPath="Libraries.regulatory.regulatory.fun"
    Type="File"
    LastWriteTime="133609243931376981"
    Private="false" />
  <Object
    Path="C:\Users\km_2\Desktop\PLC Projekty\soft_bellows_plc\Logical\Libraries\regulatory\regulatory.typ"
    LogicalPath="Libraries.regulatory.regulatory.typ"
    Type="File"
    LastWriteTime="133609243931533856"
    Private="false" />
  <Object
    Path="C:\Users\km_2\Desktop\PLC Projekty\soft_bellows_plc\Logical\Libraries\regulatory\regulatory.var"
    LogicalPath="Libraries.regulatory.regulatory.var"
    Type="File"
    LastWriteTime="133609243931533856"
    Private="false" />
  <Object
    Path="C:\Users\km_2\Desktop\PLC Projekty\soft_bellows_plc\Logical\Libraries\regulatory\rtmodel.h"
    LogicalPath="Libraries.regulatory.rtmodel.h"
    Type="File"
    LastWriteTime="133609243931690738"
    Private="false" />
  <Object
    Path="C:\Users\km_2\Desktop\PLC Projekty\soft_bellows_plc\Logical\Libraries\regulatory\rtwtypes.h"
    LogicalPath="Libraries.regulatory.rtwtypes.h"
    Type="File"
    LastWriteTime="133609243932009145"
    Private="false" />
  <Object
    Path="C:\Users\km_2\Desktop\PLC Projekty\soft_bellows_plc\Logical\Libraries\regulatory\PID_c.c"
    LogicalPath="Libraries.regulatory.PID_c.c"
    Type="File"
    LastWriteTime="133609243929471544"
    Private="false" />
  <Object
    Path="C:\Users\km_2\Desktop\PLC Projekty\soft_bellows_plc\Logical\Libraries\regulatory\PID_co.c"
    LogicalPath="Libraries.regulatory.PID_co.c"
    Type="File"
    LastWriteTime="133609243929630598"
    Private="false" />
  <Object
    Path="C:\Users\km_2\Desktop\PLC Projekty\soft_bellows_plc\Logical\Libraries\regulatory\PID_co.h"
    LogicalPath="Libraries.regulatory.PID_co.h"
    Type="File"
    LastWriteTime="133609243929630598"
    Private="false" />
  <Object
    Path="C:\Users\km_2\Desktop\PLC Projekty\soft_bellows_plc\Logical\Libraries\regulatory\PID_co_private.h"
    LogicalPath="Libraries.regulatory.PID_co_private.h"
    Type="File"
    LastWriteTime="133609243929788470"
    Private="false" />
  <Object
    Path="C:\Users\km_2\Desktop\PLC Projekty\soft_bellows_plc\Logical\Libraries\regulatory\PID_co_types.h"
    LogicalPath="Libraries.regulatory.PID_co_types.h"
    Type="File"
    LastWriteTime="133609243929933513"
    Private="false" />
  <Object
    Path="C:\Users\km_2\Desktop\PLC Projekty\soft_bellows_plc\Logical\Libraries\regulatory\nonL_P.c"
    LogicalPath="Libraries.regulatory.nonL_P.c"
    Type="File"
    LastWriteTime="133609243929471544"
    Private="false" />
  <Object
    Path="C:\Users\km_2\Desktop\PLC Projekty\soft_bellows_plc\Logical\Libraries\regulatory\regulator_nelin_P.c"
    LogicalPath="Libraries.regulatory.regulator_nelin_P.c"
    Type="File"
    LastWriteTime="133609243931059284"
    Private="false" />
  <Object
    Path="C:\Users\km_2\Desktop\PLC Projekty\soft_bellows_plc\Logical\Libraries\regulatory\regulator_nelin_P.h"
    LogicalPath="Libraries.regulatory.regulator_nelin_P.h"
    Type="File"
    LastWriteTime="133609243931059284"
    Private="false" />
  <Object
    Path="C:\Users\km_2\Desktop\PLC Projekty\soft_bellows_plc\Logical\Libraries\regulatory\regulator_nelin_P_private.h"
    LogicalPath="Libraries.regulatory.regulator_nelin_P_private.h"
    Type="File"
    LastWriteTime="133609243931220138"
    Private="false" />
  <Object
    Path="C:\Users\km_2\Desktop\PLC Projekty\soft_bellows_plc\Logical\Libraries\regulatory\regulator_nelin_P_types.h"
    LogicalPath="Libraries.regulatory.regulator_nelin_P_types.h"
    Type="File"
    LastWriteTime="133609243931220138"
    Private="false" />
  <Object
    Path="C:\Users\km_2\Desktop\PLC Projekty\soft_bellows_plc\Logical\Libraries\regulatory\rt_defines.h"
    LogicalPath="Libraries.regulatory.rt_defines.h"
    Type="File"
    LastWriteTime="133609243931690738"
    Private="false" />
  <Object
    Path="C:\Users\km_2\Desktop\PLC Projekty\soft_bellows_plc\Logical\Libraries\regulatory\FF_PID_r.c"
    LogicalPath="Libraries.regulatory.FF_PID_r.c"
    Type="File"
    LastWriteTime="133609243929155826"
    Private="false" />
  <Object
    Path="C:\Users\km_2\Desktop\PLC Projekty\soft_bellows_plc\Logical\Libraries\regulatory\regulator_FF_PI_plane_regress.c"
    LogicalPath="Libraries.regulatory.regulator_FF_PI_plane_regress.c"
    Type="File"
    LastWriteTime="133609243930585023"
    Private="false" />
  <Object
    Path="C:\Users\km_2\Desktop\PLC Projekty\soft_bellows_plc\Logical\Libraries\regulatory\regulator_FF_PI_plane_regress.h"
    LogicalPath="Libraries.regulatory.regulator_FF_PI_plane_regress.h"
    Type="File"
    LastWriteTime="133609243930585023"
    Private="false" />
  <Object
    Path="C:\Users\km_2\Desktop\PLC Projekty\soft_bellows_plc\Logical\Libraries\regulatory\regulator_FF_PI_plane_regress_private.h"
    LogicalPath="Libraries.regulatory.regulator_FF_PI_plane_regress_private.h"
    Type="File"
    LastWriteTime="133609243930742359"
    Private="false" />
  <Object
    Path="C:\Users\km_2\Desktop\PLC Projekty\soft_bellows_plc\Logical\Libraries\regulatory\regulator_FF_PI_plane_regress_types.h"
    LogicalPath="Libraries.regulatory.regulator_FF_PI_plane_regress_types.h"
    Type="File"
    LastWriteTime="133609243930742359"
    Private="false" />
  <Object
    Path="C:\Users\km_2\Desktop\PLC Projekty\soft_bellows_plc\Logical\Libraries\regulatory\FF_PID.c"
    LogicalPath="Libraries.regulatory.FF_PID.c"
    Type="File"
    LastWriteTime="133609243928996881"
    Private="false" />
  <Object
    Path="C:\Users\km_2\Desktop\PLC Projekty\soft_bellows_plc\Logical\Libraries\regulatory\regulator_FF_PI.c"
    LogicalPath="Libraries.regulatory.regulator_FF_PI.c"
    Type="File"
    LastWriteTime="133609243930267784"
    Private="false" />
  <Object
    Path="C:\Users\km_2\Desktop\PLC Projekty\soft_bellows_plc\Logical\Libraries\regulatory\regulator_FF_PI.h"
    LogicalPath="Libraries.regulatory.regulator_FF_PI.h"
    Type="File"
    LastWriteTime="133609243930428136"
    Private="false" />
  <Object
    Path="C:\Users\km_2\Desktop\PLC Projekty\soft_bellows_plc\Logical\Libraries\regulatory\regulator_FF_PI_data.c"
    LogicalPath="Libraries.regulatory.regulator_FF_PI_data.c"
    Type="File"
    LastWriteTime="133609243930428136"
    Private="false" />
  <Object
    Path="C:\Users\km_2\Desktop\PLC Projekty\soft_bellows_plc\Logical\Libraries\regulatory\regulator_FF_PI_private.h"
    LogicalPath="Libraries.regulatory.regulator_FF_PI_private.h"
    Type="File"
    LastWriteTime="133609243930934245"
    Private="false" />
  <Object
    Path="C:\Users\km_2\Desktop\PLC Projekty\soft_bellows_plc\Logical\Libraries\regulatory\regulator_FF_PI_types.h"
    LogicalPath="Libraries.regulatory.regulator_FF_PI_types.h"
    Type="File"
    LastWriteTime="133609243930934245"
    Private="false" />
  <Object
    Path="C:\Users\km_2\Desktop\PLC Projekty\soft_bellows_plc\Logical\Libraries\regulatory\rtw_continuous.h"
    LogicalPath="Libraries.regulatory.rtw_continuous.h"
    Type="File"
    LastWriteTime="133609243931849025"
    Private="false" />
  <Object
    Path="C:\Users\km_2\Desktop\PLC Projekty\soft_bellows_plc\Logical\Libraries\regulatory\rtw_solver.h"
    LogicalPath="Libraries.regulatory.rtw_solver.h"
    Type="File"
    LastWriteTime="133609243931934077"
    Private="false" />
  <Object
    Path="C:\Users\km_2\Desktop\PLC Projekty\soft_bellows_plc\Logical\Libraries\regulatory\tmwtypes.h"
    LogicalPath="Libraries.regulatory.tmwtypes.h"
    Type="File"
    LastWriteTime="133609243932009145"
    Private="false" />
  <Object
    Path="C:\Users\km_2\Desktop\PLC Projekty\soft_bellows_plc\Logical\Source\Package.pkg"
    LogicalPath="Source"
    Type="Package"
    LastWriteTime="133609253440199006" />
  <Object
    Path="C:\Users\km_2\Desktop\PLC Projekty\soft_bellows_plc\Logical\Source\Program\IEC.prg"
    LogicalPath="Source.Program"
    Type="Program"
    LastWriteTime="133609253440199006" />
  <Object
    Path="C:\Users\km_2\Desktop\PLC Projekty\soft_bellows_plc\Logical\Source\Program\Cyclic.st"
    LogicalPath="Source.Program.Cyclic.st"
    Type="File"
    LastWriteTime="133609253440038274"
    Private="false" />
  <Object
    Path="C:\Users\km_2\Desktop\PLC Projekty\soft_bellows_plc\Logical\Source\Program\Init.st"
    LogicalPath="Source.Program.Init.st"
    Type="File"
    LastWriteTime="133609253440038274"
    Private="false" />
  <Object
    Path="C:\Users\km_2\Desktop\PLC Projekty\soft_bellows_plc\Logical\Source\Program\Exit.st"
    LogicalPath="Source.Program.Exit.st"
    Type="File"
    LastWriteTime="133609253440199006"
    Private="false" />
  <Object
    Path="C:\Users\km_2\Desktop\PLC Projekty\soft_bellows_plc\Logical\Source\Program\Types.typ"
    LogicalPath="Source.Program.Types.typ"
    Type="File"
    LastWriteTime="133609253440199006"
    Private="true" />
  <Object
    Path="C:\Users\km_2\Desktop\PLC Projekty\soft_bellows_plc\Logical\Source\Program\Variables.var"
    LogicalPath="Source.Program.Variables.var"
    Type="File"
    LastWriteTime="133609253440199006"
    Private="true" />
  <Object
    Path="C:\Users\km_2\Desktop\PLC Projekty\soft_bellows_plc\Logical\Visu\Vc.dob"
    LogicalPath="Visu"
    Type="DataObject"
    LastWriteTime="133609243938973238" />
  <Object
    Path="C:\Users\km_2\Desktop\PLC Projekty\soft_bellows_plc\Logical\Visu\VCObject.vc"
    LogicalPath="Visu.VCObject.vc"
    Type="File"
    LastWriteTime="133609243938973238"
    Private="false" />
  <Object
    Path="C:\Users\km_2\Desktop\PLC Projekty\soft_bellows_plc\Physical\Config1\Config.pkg"
    LogicalPath="Config1"
    Type="Configuration.ParentUnknown"
    LastWriteTime="133609243962268242" />
  <Object
    Path="C:\Users\km_2\Desktop\PLC Projekty\soft_bellows_plc\Physical\Config1\Hardware.hw"
    LogicalPath="Config1.Hardware.hw"
    Type="File"
    LastWriteTime="133609259067838847"
    Private="false" />
  <Object
    Path="C:\Users\km_2\Desktop\PLC Projekty\soft_bellows_plc\Physical\Config1\Hardware.hwl"
    LogicalPath="Config1.Hardware.hwl"
    Type="File"
    LastWriteTime="133609243962425220"
    Private="false" />
  <Object
    Path="C:\Users\km_2\Desktop\PLC Projekty\soft_bellows_plc\Physical\Config1\4PPC70_0702_20B\Cpu.pkg"
    LogicalPath="Config1.4PPC70_0702_20B"
    Type="Cpu"
    LastWriteTime="133609259268381815" />
  <Object
    Path="C:\Users\km_2\Desktop\PLC Projekty\soft_bellows_plc\Physical\Config1\4PPC70_0702_20B\Cpu.sw"
    LogicalPath="Config1.4PPC70_0702_20B.Cpu.sw"
    Type="File"
    LastWriteTime="133609259437217447"
    Private="false" />
  <Object
    Path="C:\Users\km_2\Desktop\PLC Projekty\soft_bellows_plc\Physical\Config1\4PPC70_0702_20B\Cpu.per"
    LogicalPath="Config1.4PPC70_0702_20B.Cpu.per"
    Type="File"
    LastWriteTime="133609243962738762"
    Private="false" />
  <Object
    Path="C:\Users\km_2\Desktop\PLC Projekty\soft_bellows_plc\Physical\Config1\4PPC70_0702_20B\IoMap.iom"
    LogicalPath="Config1.4PPC70_0702_20B.IoMap.iom"
    Type="File"
    LastWriteTime="133609252962429421"
    Private="false" />
  <Object
    Path="C:\Users\km_2\Desktop\PLC Projekty\soft_bellows_plc\Physical\Config1\4PPC70_0702_20B\PvMap.vvm"
    LogicalPath="Config1.4PPC70_0702_20B.PvMap.vvm"
    Type="File"
    LastWriteTime="133609243962953251"
    Private="false" />
  <Object
    Path="C:\Users\km_2\Desktop\PLC Projekty\soft_bellows_plc\Physical\Config1\4PPC70_0702_20B\Connectivity\Package.pkg"
    LogicalPath="Config1.4PPC70_0702_20B.Connectivity"
    Type="Package"
    LastWriteTime="133609243965116601" />
  <Object
    Path="C:\Users\km_2\Desktop\PLC Projekty\soft_bellows_plc\Physical\Config1\4PPC70_0702_20B\Connectivity\OpcUA\Package.pkg"
    LogicalPath="Config1.4PPC70_0702_20B.Connectivity.OpcUA"
    Type="Package"
    LastWriteTime="133609243965116601" />
  <Object
    Path="C:\Users\km_2\Desktop\PLC Projekty\soft_bellows_plc\Physical\Config1\4PPC70_0702_20B\TextSystem\Package.pkg"
    LogicalPath="Config1.4PPC70_0702_20B.TextSystem"
    Type="Package"
    LastWriteTime="133609243967330065" />
  <Object
    Path="C:\Users\km_2\Desktop\PLC Projekty\soft_bellows_plc\Physical\Config1\4PPC70_0702_20B\UnitSystem\Package.pkg"
    LogicalPath="Config1.4PPC70_0702_20B.UnitSystem"
    Type="Package"
    LastWriteTime="133609243967485129" />
  <Object
    Path="C:\Users\km_2\Desktop\PLC Projekty\soft_bellows_plc\Physical\Config1\4PPC70_0702_20B\AccessAndSecurity\Package.pkg"
    LogicalPath="Config1.4PPC70_0702_20B.AccessAndSecurity"
    Type="Package"
    LastWriteTime="133609243963058289" />
  <Object
    Path="C:\Users\km_2\Desktop\PLC Projekty\soft_bellows_plc\Physical\Config1\4PPC70_0702_20B\AccessAndSecurity\UserRoleSystem\Package.pkg"
    LogicalPath="Config1.4PPC70_0702_20B.AccessAndSecurity.UserRoleSystem"
    Type="Package"
    LastWriteTime="133609243964802150" />
  <Object
    Path="C:\Users\km_2\Desktop\PLC Projekty\soft_bellows_plc\Physical\Config1\4PPC70_0702_20B\AccessAndSecurity\UserRoleSystem\Role.role"
    LogicalPath="Config1.4PPC70_0702_20B.AccessAndSecurity.UserRoleSystem.Role.role"
    Type="File"
    LastWriteTime="133609243964802150"
    Private="false" />
  <Object
    Path="C:\Users\km_2\Desktop\PLC Projekty\soft_bellows_plc\Physical\Config1\4PPC70_0702_20B\AccessAndSecurity\UserRoleSystem\User.user"
    LogicalPath="Config1.4PPC70_0702_20B.AccessAndSecurity.UserRoleSystem.User.user"
    Type="File"
    LastWriteTime="133609243964957252"
    Private="false" />
  <Object
    Path="C:\Users\km_2\Desktop\PLC Projekty\soft_bellows_plc\Physical\Config1\4PPC70_0702_20B\AccessAndSecurity\CertificateStore\Package.pkg"
    LogicalPath="Config1.4PPC70_0702_20B.AccessAndSecurity.CertificateStore"
    Type="Package"
    LastWriteTime="133609243963217014" />
  <Object
    Path="C:\Users\km_2\Desktop\PLC Projekty\soft_bellows_plc\Physical\Config1\4PPC70_0702_20B\AccessAndSecurity\CertificateStore\OwnCertificates\Package.pkg"
    LogicalPath="Config1.4PPC70_0702_20B.AccessAndSecurity.CertificateStore.OwnCertificates"
    Type="Package"
    LastWriteTime="133609243963691473" />
  <Object
    Path="C:\Users\km_2\Desktop\PLC Projekty\soft_bellows_plc\Physical\Config1\4PPC70_0702_20B\AccessAndSecurity\CertificateStore\OwnCertificates\Certificates\Package.pkg"
    LogicalPath="Config1.4PPC70_0702_20B.AccessAndSecurity.CertificateStore.OwnCertificates.Certificates"
    Type="Package"
    LastWriteTime="133609243963848712" />
  <Object
    Path="C:\Users\km_2\Desktop\PLC Projekty\soft_bellows_plc\Physical\Config1\4PPC70_0702_20B\AccessAndSecurity\CertificateStore\OwnCertificates\PrivateKeys\Package.pkg"
    LogicalPath="Config1.4PPC70_0702_20B.AccessAndSecurity.CertificateStore.OwnCertificates.PrivateKeys"
    Type="Package"
    LastWriteTime="133609243964008829" />
  <Object
    Path="C:\Users\km_2\Desktop\PLC Projekty\soft_bellows_plc\Physical\Config1\4PPC70_0702_20B\AccessAndSecurity\CertificateStore\ThirdPartyCertificates\Package.pkg"
    LogicalPath="Config1.4PPC70_0702_20B.AccessAndSecurity.CertificateStore.ThirdPartyCertificates"
    Type="Package"
    LastWriteTime="133609243964169502" />
  <Object
    Path="C:\Users\km_2\Desktop\PLC Projekty\soft_bellows_plc\Physical\Config1\4PPC70_0702_20B\AccessAndSecurity\CertificateStore\ThirdPartyCertificates\SoftwareCertificates\Package.pkg"
    LogicalPath="Config1.4PPC70_0702_20B.AccessAndSecurity.CertificateStore.ThirdPartyCertificates.SoftwareCertificates"
    Type="Package"
    LastWriteTime="133609243964330355" />
  <Object
    Path="C:\Users\km_2\Desktop\PLC Projekty\soft_bellows_plc\Physical\Config1\4PPC70_0702_20B\AccessAndSecurity\CertificateStore\CertificateRevocationLists\Package.pkg"
    LogicalPath="Config1.4PPC70_0702_20B.AccessAndSecurity.CertificateStore.CertificateRevocationLists"
    Type="Package"
    LastWriteTime="133609243963374249" />
  <Object
    Path="C:\Users\km_2\Desktop\PLC Projekty\soft_bellows_plc\Physical\Config1\4PPC70_0702_20B\AccessAndSecurity\CertificateStore\CertificateSigningRequests\Package.pkg"
    LogicalPath="Config1.4PPC70_0702_20B.AccessAndSecurity.CertificateStore.CertificateSigningRequests"
    Type="Package"
    LastWriteTime="133609243963532997" />
  <Object
    Path="C:\Users\km_2\Desktop\PLC Projekty\soft_bellows_plc\Physical\Config1\4PPC70_0702_20B\AccessAndSecurity\TransportLayerSecurity\Package.pkg"
    LogicalPath="Config1.4PPC70_0702_20B.AccessAndSecurity.TransportLayerSecurity"
    Type="Package"
    LastWriteTime="133609243964644968" />
  <Object
    Path="C:\Users\km_2\Desktop\PLC Projekty\soft_bellows_plc\Physical\Config1\4PPC70_0702_20B\AccessAndSecurity\Firewall\Package.pkg"
    LogicalPath="Config1.4PPC70_0702_20B.AccessAndSecurity.Firewall"
    Type="Package"
    LastWriteTime="133609243964487526" />
  <Object
    Path="C:\Users\km_2\Desktop\PLC Projekty\soft_bellows_plc\Physical\Config1\4PPC70_0702_20B\AccessAndSecurity\Firewall\Rules.firewallRules"
    LogicalPath="Config1.4PPC70_0702_20B.AccessAndSecurity.Firewall.Rules.firewallRules"
    Type="File"
    LastWriteTime="133609243964487526"
    Private="false" />
  <Object
    Path="C:\Users\km_2\Desktop\PLC Projekty\soft_bellows_plc\Physical\Config1\4PPC70_0702_20B\mappControl\Package.pkg"
    LogicalPath="Config1.4PPC70_0702_20B.mappControl"
    Type="Package"
    LastWriteTime="133609243965433008" />
  <Object
    Path="C:\Users\km_2\Desktop\PLC Projekty\soft_bellows_plc\Physical\Config1\4PPC70_0702_20B\mappMotion\Package.pkg"
    LogicalPath="Config1.4PPC70_0702_20B.mappMotion"
    Type="Package"
    LastWriteTime="133609243965591992" />
  <Object
    Path="C:\Users\km_2\Desktop\PLC Projekty\soft_bellows_plc\Physical\Config1\4PPC70_0702_20B\mappServices\Package.pkg"
    LogicalPath="Config1.4PPC70_0702_20B.mappServices"
    Type="Package"
    LastWriteTime="133609243965748926" />
  <Object
    Path="C:\Users\km_2\Desktop\PLC Projekty\soft_bellows_plc\Physical\Config1\4PPC70_0702_20B\mappView\Package.pkg"
    LogicalPath="Config1.4PPC70_0702_20B.mappView"
    Type="Package"
    LastWriteTime="133609243965906093" />
  <Object
    Path="C:\Users\km_2\Desktop\PLC Projekty\soft_bellows_plc\Physical\Config1\4PPC70_0702_20B\mappVision\Package.pkg"
    LogicalPath="Config1.4PPC70_0702_20B.mappVision"
    Type="Package"
    LastWriteTime="133609243965956150" />
  <Object
    Path="C:\Users\km_2\Desktop\PLC Projekty\soft_bellows_plc\Physical\Config1\4PPC70_0702_20B\mappCockpit\Package.pkg"
    LogicalPath="Config1.4PPC70_0702_20B.mappCockpit"
    Type="Package"
    LastWriteTime="133609243965276383" />
  <Object
    Path="C:\Users\km_2\Desktop\PLC Projekty\soft_bellows_plc\Physical\Config1\4PPC70_0702_20B\VC\Package.pkg"
    LogicalPath="Config1.4PPC70_0702_20B.VC"
    Type="Package"
    LastWriteTime="133609243967642232" />
  <Object
    Path="C:\Users\km_2\Desktop\PLC Projekty\soft_bellows_plc\Physical\Config1\4PPC70_0702_20B\VC\4PPC70_0702_20B.dis"
    LogicalPath="Config1.4PPC70_0702_20B.VC.4PPC70_0702_20B.dis"
    Type="File"
    LastWriteTime="133609243967642232"
    Private="false" />
  <Object
    Path="C:\Users\km_2\Desktop\PLC Projekty\soft_bellows_plc\Physical\Config1\Hardware.jpg"
    LogicalPath="Config1.Hardware.jpg"
    Type="File"
    LastWriteTime="133609243962581814"
    Private="false" />
</Objects>